c:\users\wendy\documents\000 hackthon\shehacks2020\ubigame_flappbird\tmp\x64\debug\vc142.pdb
c:\users\wendy\documents\000 hackthon\shehacks2020\ubigame_flappbird\tmp\x64\debug\vc142.idb
c:\users\wendy\documents\000 hackthon\shehacks2020\ubigame_flappbird\tmp\x64\debug\component.obj
c:\users\wendy\documents\000 hackthon\shehacks2020\ubigame_flappbird\tmp\x64\debug\rendercomponent.obj
c:\users\wendy\documents\000 hackthon\shehacks2020\ubigame_flappbird\tmp\x64\debug\gameboard.obj
c:\users\wendy\documents\000 hackthon\shehacks2020\ubigame_flappbird\tmp\x64\debug\playerentity.obj
c:\users\wendy\documents\000 hackthon\shehacks2020\ubigame_flappbird\tmp\x64\debug\playermovementcomponent.obj
c:\users\wendy\documents\000 hackthon\shehacks2020\ubigame_flappbird\tmp\x64\debug\obstacleentity.obj
c:\users\wendy\documents\000 hackthon\shehacks2020\ubigame_flappbird\tmp\x64\debug\moleentity.obj
c:\users\wendy\documents\000 hackthon\shehacks2020\ubigame_flappbird\tmp\x64\debug\holeentity.obj
c:\users\wendy\documents\000 hackthon\shehacks2020\ubigame_flappbird\tmp\x64\debug\soundmanager.obj
c:\users\wendy\documents\000 hackthon\shehacks2020\ubigame_flappbird\tmp\x64\debug\collisionmanager.obj
c:\users\wendy\documents\000 hackthon\shehacks2020\ubigame_flappbird\tmp\x64\debug\collidablecomponent.obj
c:\users\wendy\documents\000 hackthon\shehacks2020\ubigame_flappbird\tmp\x64\debug\collidablephysicscomponent.obj
c:\users\wendy\documents\000 hackthon\shehacks2020\ubigame_flappbird\tmp\x64\debug\animationcomponent.obj
c:\users\wendy\documents\000 hackthon\shehacks2020\ubigame_flappbird\tmp\x64\debug\animationmanager.obj
c:\users\wendy\documents\000 hackthon\shehacks2020\ubigame_flappbird\tmp\x64\debug\soundcomponent.obj
c:\users\wendy\documents\000 hackthon\shehacks2020\ubigame_flappbird\tmp\x64\debug\particleemittercomponent.obj
c:\users\wendy\documents\000 hackthon\shehacks2020\ubigame_flappbird\tmp\x64\debug\particlecomponent.obj
c:\users\wendy\documents\000 hackthon\shehacks2020\ubigame_flappbird\tmp\x64\debug\playersoundcomponent.obj
c:\users\wendy\documents\000 hackthon\shehacks2020\ubigame_flappbird\tmp\x64\debug\cameramanager.obj
c:\users\wendy\documents\000 hackthon\shehacks2020\ubigame_flappbird\tmp\x64\debug\playercameracomponent.obj
c:\users\wendy\documents\000 hackthon\shehacks2020\ubigame_flappbird\tmp\x64\debug\spriterendercomponent.obj
c:\users\wendy\documents\000 hackthon\shehacks2020\ubigame_flappbird\tmp\x64\debug\texturemanager.obj
c:\users\wendy\documents\000 hackthon\shehacks2020\ubigame_flappbird\tmp\x64\debug\gameenginemain.obj
c:\users\wendy\documents\000 hackthon\shehacks2020\ubigame_flappbird\tmp\x64\debug\entity.obj
c:\users\wendy\documents\000 hackthon\shehacks2020\ubigame_flappbird\tmp\x64\debug\main.obj
c:\users\wendy\documents\000 hackthon\shehacks2020\ubigame_flappbird\tmp\x64\debug\textcomponent.obj
c:\users\wendy\documents\000 hackthon\shehacks2020\ubigame_flappbird\tmp\x64\debug\backgroundcomponent.obj
c:\users\wendy\documents\000 hackthon\shehacks2020\ubigame_flappbird\bin\x64\debug\ubigame.exe
c:\users\wendy\documents\000 hackthon\shehacks2020\ubigame_flappbird\bin\x64\debug\ubigame.ilk
c:\users\wendy\documents\000 hackthon\shehacks2020\ubigame_flappbird\bin\x64\debug\ubigame.pdb
c:\users\wendy\documents\000 hackthon\shehacks2020\ubigame_flappbird\tmp\x64\debug\ubigame.tlog\cl.command.1.tlog
c:\users\wendy\documents\000 hackthon\shehacks2020\ubigame_flappbird\tmp\x64\debug\ubigame.tlog\cl.read.1.tlog
c:\users\wendy\documents\000 hackthon\shehacks2020\ubigame_flappbird\tmp\x64\debug\ubigame.tlog\cl.write.1.tlog
c:\users\wendy\documents\000 hackthon\shehacks2020\ubigame_flappbird\tmp\x64\debug\ubigame.tlog\link.command.1.tlog
c:\users\wendy\documents\000 hackthon\shehacks2020\ubigame_flappbird\tmp\x64\debug\ubigame.tlog\link.read.1.tlog
c:\users\wendy\documents\000 hackthon\shehacks2020\ubigame_flappbird\tmp\x64\debug\ubigame.tlog\link.write.1.tlog
